<?xml version="1.0" encoding="UTF-8"?>
<!-- Generated by org.testng.reporters.JUnitReportReporter -->
<testsuite hostname="LAPTOP-V0HJLHIK" failures="0" tests="2" name="com.demowebshop.test.LoginPageTest" time="12.121" errors="0" timestamp="2022-04-24T20:03:28 IST" skipped="0">
  <testcase classname="com.demowebshop.test.LoginPageTest" name="verifyLogin" time="6.386"/>
  <system-out/>
  <testcase classname="com.demowebshop.test.LoginPageTest" name="verifyLoginPageTitle" time="5.735"/>
  <system-out/>
</testsuite> <!-- com.demowebshop.test.LoginPageTest -->
