<?xml version="1.0" encoding="UTF-8"?>
<!-- Generated by org.testng.reporters.JUnitReportReporter -->
<testsuite hostname="LAPTOP-V0HJLHIK" failures="0" tests="1" name="com.demowebshop.test.MyAccountPageTest" time="5.660" errors="0" timestamp="2022-04-24T20:03:28 IST" skipped="0">
  <testcase classname="com.demowebshop.test.MyAccountPageTest" name="verifyMyAccountTest" time="5.660"/>
  <system-out/>
</testsuite> <!-- com.demowebshop.test.MyAccountPageTest -->
